06.10.2018 23:58:19
 
Warning
Can not play a disabled audio source
UnityEngine.AudioSource:Play()
Done_WeaponController:Fire() (at Assets/_Complete-Game/Scripts/Done_WeaponController.cs:21)

Warning
Can not play a disabled audio source
UnityEngine.AudioSource:Play()
Done_WeaponController:Fire() (at Assets/_Complete-Game/Scripts/Done_WeaponController.cs:21)

Warning
Can not play a disabled audio source
UnityEngine.AudioSource:Play()
Done_WeaponController:Fire() (at Assets/_Complete-Game/Scripts/Done_WeaponController.cs:21)

Warning
Can not play a disabled audio source
UnityEngine.AudioSource:Play()
Done_WeaponController:Fire() (at Assets/_Complete-Game/Scripts/Done_WeaponController.cs:21)

Warning
Can not play a disabled audio source
UnityEngine.AudioSource:Play()
Done_WeaponController:Fire() (at Assets/_Complete-Game/Scripts/Done_WeaponController.cs:21)

Warning
Can not play a disabled audio source
UnityEngine.AudioSource:Play()
Done_WeaponController:Fire() (at Assets/_Complete-Game/Scripts/Done_WeaponController.cs:21)

Warning
Can not play a disabled audio source
UnityEngine.AudioSource:Play()
Done_WeaponController:Fire() (at Assets/_Complete-Game/Scripts/Done_WeaponController.cs:21)

Warning
Can not play a disabled audio source
UnityEngine.AudioSource:Play()
Done_WeaponController:Fire() (at Assets/_Complete-Game/Scripts/Done_WeaponController.cs:21)

Warning
Can not play a disabled audio source
UnityEngine.AudioSource:Play()
Done_WeaponController:Fire() (at Assets/_Complete-Game/Scripts/Done_WeaponController.cs:21)

Warning
Can not play a disabled audio source
UnityEngine.AudioSource:Play()
Done_WeaponController:Fire() (at Assets/_Complete-Game/Scripts/Done_WeaponController.cs:21)

Warning
Can not play a disabled audio source
UnityEngine.AudioSource:Play()
Done_WeaponController:Fire() (at Assets/_Complete-Game/Scripts/Done_WeaponController.cs:21)

Warning
Can not play a disabled audio source
UnityEngine.AudioSource:Play()
Done_WeaponController:Fire() (at Assets/_Complete-Game/Scripts/Done_WeaponController.cs:21)

Warning
Can not play a disabled audio source
UnityEngine.AudioSource:Play()
Done_WeaponController:Fire() (at Assets/_Complete-Game/Scripts/Done_WeaponController.cs:21)

Warning
Can not play a disabled audio source
UnityEngine.AudioSource:Play()
Done_WeaponController:Fire() (at Assets/_Complete-Game/Scripts/Done_WeaponController.cs:21)

