14.03.2019 14:34:46
 
Warning
Can not play a disabled audio source

Warning
Can not play a disabled audio source

Warning
Can not play a disabled audio source

Warning
Can not play a disabled audio source

Exception
NullReferenceException: Object reference not set to an instance of an object
Done_DestroyByContact.OnTriggerEnter (UnityEngine.Collider other) (at <abd1aa61a4de4b32a9a30688b36fde4a>:0)

Warning
Can not play a disabled audio source

Warning
Can not play a disabled audio source

Warning
Can not play a disabled audio source

Warning
Can not play a disabled audio source

Warning
Can not play a disabled audio source

Warning
Can not play a disabled audio source

Warning
Can not play a disabled audio source

Warning
Can not play a disabled audio source

