12.03.2019 11:43:30
 
Warning
Can not play a disabled audio source

Warning
Can not play a disabled audio source

Warning
Can not play a disabled audio source

Warning
Can not play a disabled audio source

Warning
Can not play a disabled audio source

Warning
Can not play a disabled audio source

Warning
Can not play a disabled audio source

Warning
Can not play a disabled audio source

Warning
Can not play a disabled audio source

Warning
Can not play a disabled audio source

Warning
Can not play a disabled audio source

Warning
Can not play a disabled audio source

Warning
Can not play a disabled audio source

Warning
Can not play a disabled audio source

Warning
Can not play a disabled audio source

Warning
Can not play a disabled audio source

Warning
Can not play a disabled audio source

Warning
Can not play a disabled audio source

Warning
Can not play a disabled audio source

Warning
Can not play a disabled audio source

Warning
Can not play a disabled audio source

Warning
Can not play a disabled audio source

Warning
Can not play a disabled audio source

Warning
Can not play a disabled audio source

Warning
Can not play a disabled audio source

Warning
Can not play a disabled audio source

Warning
Can not play a disabled audio source

Warning
Can not play a disabled audio source

Warning
Can not play a disabled audio source

Warning
Can not play a disabled audio source

Warning
Can not play a disabled audio source

Warning
Can not play a disabled audio source

Warning
Can not play a disabled audio source

Warning
Can not play a disabled audio source

Warning
Can not play a disabled audio source

Warning
Can not play a disabled audio source

Warning
Can not play a disabled audio source

Warning
Can not play a disabled audio source

Warning
Can not play a disabled audio source

Warning
Can not play a disabled audio source

Warning
Can not play a disabled audio source

Warning
Can not play a disabled audio source

Warning
Can not play a disabled audio source

Warning
Can not play a disabled audio source

Warning
Can not play a disabled audio source

Warning
Can not play a disabled audio source

Warning
Can not play a disabled audio source

Warning
Can not play a disabled audio source

Warning
Can not play a disabled audio source

Warning
Can not play a disabled audio source

Warning
Can not play a disabled audio source

Warning
Can not play a disabled audio source

Warning
Can not play a disabled audio source

Warning
Can not play a disabled audio source

Warning
Can not play a disabled audio source

Warning
Can not play a disabled audio source

Warning
Can not play a disabled audio source

Warning
Can not play a disabled audio source

Warning
Can not play a disabled audio source

Warning
Can not play a disabled audio source

Warning
Can not play a disabled audio source

Warning
Can not play a disabled audio source

Warning
Can not play a disabled audio source

Warning
Can not play a disabled audio source

Warning
Can not play a disabled audio source

Warning
Can not play a disabled audio source

Warning
Can not play a disabled audio source

Warning
Can not play a disabled audio source

Warning
Can not play a disabled audio source

Warning
Can not play a disabled audio source

Warning
Can not play a disabled audio source

Warning
Can not play a disabled audio source

Warning
Can not play a disabled audio source

Warning
Can not play a disabled audio source

Warning
Can not play a disabled audio source

Warning
Can not play a disabled audio source

Warning
Can not play a disabled audio source

Warning
Can not play a disabled audio source

Warning
Can not play a disabled audio source

Warning
Can not play a disabled audio source

Warning
Can not play a disabled audio source

Warning
Can not play a disabled audio source

Warning
Can not play a disabled audio source

Warning
Can not play a disabled audio source

Warning
Can not play a disabled audio source

Warning
Can not play a disabled audio source

Warning
Default audio device was changed, but the audio system failed to initialize it. Attempting to reset sound system.

Error
FMOD failed to initialize the output device.: "Error initializing output device. " (60)

Warning
Forced to initialize FMOD to to the device driver's system output rate 48000, this may impact performance and/or give inconsistent experiences compared to selected sample rate 48000

Error
FMOD failed to initialize the output device.: "Error initializing output device. " (60)

Warning
Can not play a disabled audio source

Warning
Can not play a disabled audio source

Warning
Can not play a disabled audio source

Warning
Can not play a disabled audio source

Warning
Can not play a disabled audio source

Warning
Can not play a disabled audio source

Warning
Can not play a disabled audio source

Warning
Can not play a disabled audio source

Warning
Can not play a disabled audio source

Warning
Can not play a disabled audio source

Warning
Can not play a disabled audio source

Warning
Can not play a disabled audio source

Exception
NullReferenceException: Object reference not set to an instance of an object
Done_DestroyByContact.OnTriggerEnter (UnityEngine.Collider other) (at <abd1aa61a4de4b32a9a30688b36fde4a>:0)

Warning
Can not play a disabled audio source

Warning
Can not play a disabled audio source

Warning
Can not play a disabled audio source

Warning
Can not play a disabled audio source

Warning
Can not play a disabled audio source

Warning
Can not play a disabled audio source

Warning
Can not play a disabled audio source

Warning
Can not play a disabled audio source

Warning
Can not play a disabled audio source

Warning
Can not play a disabled audio source

Warning
Can not play a disabled audio source

Warning
Can not play a disabled audio source

Warning
Can not play a disabled audio source

Warning
Can not play a disabled audio source

Warning
Can not play a disabled audio source

Warning
Can not play a disabled audio source

Warning
Can not play a disabled audio source

Warning
Can not play a disabled audio source

Warning
Can not play a disabled audio source

Warning
Can not play a disabled audio source

Warning
Can not play a disabled audio source

Warning
Can not play a disabled audio source

Warning
Can not play a disabled audio source

Warning
Can not play a disabled audio source

Warning
Can not play a disabled audio source

Warning
Can not play a disabled audio source

Warning
Can not play a disabled audio source

Warning
Can not play a disabled audio source

Warning
Can not play a disabled audio source

Warning
Can not play a disabled audio source

Warning
Can not play a disabled audio source

Warning
Can not play a disabled audio source

Warning
Can not play a disabled audio source

Warning
Can not play a disabled audio source

Warning
Can not play a disabled audio source

Warning
Can not play a disabled audio source

Warning
Can not play a disabled audio source

